<?xml version="1.0" encoding="UTF-8"?>
<!-- Generated by org.testng.reporters.JUnitReportReporter -->
<testsuite hostname="DESKTOP-91QLREM" failures="0" tests="1" name="com.mystore.testcases.LoginPageTest" time="8.972" errors="1" timestamp="2024-06-20T11:01:28 IST" skipped="0">
  <testcase classname="com.mystore.testcases.LoginPageTest" name="loginTest" time="8.972">
    <error type="java.lang.StackOverflowError">
      <![CDATA[java.lang.StackOverflowError
at com.mystore.utility.Log.info(Log.java:24)
at com.mystore.utility.Log.info(Log.java:24)
at com.mystore.utility.Log.info(Log.java:24)
at com.mystore.utility.Log.info(Log.java:24)
at com.mystore.utility.Log.info(Log.java:24)
at com.mystore.utility.Log.info(Log.java:24)
at com.mystore.utility.Log.info(Log.java:24)
at com.mystore.utility.Log.info(Log.java:24)
at com.mystore.utility.Log.info(Log.java:24)
at com.mystore.utility.Log.info(Log.java:24)
at com.mystore.utility.Log.info(Log.java:24)
at com.mystore.utility.Log.info(Log.java:24)
at com.mystore.utility.Log.info(Log.java:24)
at com.mystore.utility.Log.info(Log.java:24)
at com.mystore.utility.Log.info(Log.java:24)
at com.mystore.utility.Log.info(Log.java:24)
at com.mystore.utility.Log.info(Log.java:24)
at com.mystore.utility.Log.info(Log.java:24)
at com.mystore.utility.Log.info(Log.java:24)
at com.mystore.utility.Log.info(Log.java:24)
at com.mystore.utility.Log.info(Log.java:24)
at com.mystore.utility.Log.info(Log.java:24)
at com.mystore.utility.Log.info(Log.java:24)
at com.mystore.utility.Log.info(Log.java:24)
at com.mystore.utility.Log.info(Log.java:24)
at com.mystore.utility.Log.info(Log.java:24)
at com.mystore.utility.Log.info(Log.java:24)
at com.mystore.utility.Log.info(Log.java:24)
at com.mystore.utility.Log.info(Log.java:24)
at com.mystore.utility.Log.info(Log.java:24)
at com.mystore.utility.Log.info(Log.java:24)
at com.mystore.utility.Log.info(Log.java:24)
at com.mystore.utility.Log.info(Log.java:24)
at com.mystore.utility.Log.info(Log.java:24)
at com.mystore.utility.Log.info(Log.java:24)
at com.mystore.utility.Log.info(Log.java:24)
at com.mystore.utility.Log.info(Log.java:24)
at com.mystore.utility.Log.info(Log.java:24)
at com.mystore.utility.Log.info(Log.java:24)
at com.mystore.utility.Log.info(Log.java:24)
at com.mystore.utility.Log.info(Log.java:24)
at com.mystore.utility.Log.info(Log.java:24)
at com.mystore.utility.Log.info(Log.java:24)
at com.mystore.utility.Log.info(Log.java:24)
at com.mystore.utility.Log.info(Log.java:24)
at com.mystore.utility.Log.info(Log.java:24)
at com.mystore.utility.Log.info(Log.java:24)
at com.mystore.utility.Log.info(Log.java:24)
at com.mystore.utility.Log.info(Log.java:24)
at com.mystore.utility.Log.info(Log.java:24)
at com.mystore.utility.Log.info(Log.java:24)
at com.mystore.utility.Log.info(Log.java:24)
at com.mystore.utility.Log.info(Log.java:24)
at com.mystore.utility.Log.info(Log.java:24)
at com.mystore.utility.Log.info(Log.java:24)
at com.mystore.utility.Log.info(Log.java:24)
at com.mystore.utility.Log.info(Log.java:24)
at com.mystore.utility.Log.info(Log.java:24)
at com.mystore.utility.Log.info(Log.java:24)
at com.mystore.utility.Log.info(Log.java:24)
at com.mystore.utility.Log.info(Log.java:24)
at com.mystore.utility.Log.info(Log.java:24)
at com.mystore.utility.Log.info(Log.java:24)
at com.mystore.utility.Log.info(Log.java:24)
at com.mystore.utility.Log.info(Log.java:24)
at com.mystore.utility.Log.info(Log.java:24)
at com.mystore.utility.Log.info(Log.java:24)
at com.mystore.utility.Log.info(Log.java:24)
at com.mystore.utility.Log.info(Log.java:24)
at com.mystore.utility.Log.info(Log.java:24)
at com.mystore.utility.Log.info(Log.java:24)
at com.mystore.utility.Log.info(Log.java:24)
at com.mystore.utility.Log.info(Log.java:24)
at com.mystore.utility.Log.info(Log.java:24)
at com.mystore.utility.Log.info(Log.java:24)
at com.mystore.utility.Log.info(Log.java:24)
at com.mystore.utility.Log.info(Log.java:24)
at com.mystore.utility.Log.info(Log.java:24)
at com.mystore.utility.Log.info(Log.java:24)
at com.mystore.utility.Log.info(Log.java:24)
at com.mystore.utility.Log.info(Log.java:24)
at com.mystore.utility.Log.info(Log.java:24)
at com.mystore.utility.Log.info(Log.java:24)
at com.mystore.utility.Log.info(Log.java:24)
at com.mystore.utility.Log.info(Log.java:24)
at com.mystore.utility.Log.info(Log.java:24)
at com.mystore.utility.Log.info(Log.java:24)
at com.mystore.utility.Log.info(Log.java:24)
at com.mystore.utility.Log.info(Log.java:24)
at com.mystore.utility.Log.info(Log.java:24)
at com.mystore.utility.Log.info(Log.java:24)
at com.mystore.utility.Log.info(Log.java:24)
at com.mystore.utility.Log.info(Log.java:24)
at com.mystore.utility.Log.info(Log.java:24)
at com.mystore.utility.Log.info(Log.java:24)
at com.mystore.utility.Log.info(Log.java:24)
at com.mystore.utility.Log.info(Log.java:24)
at com.mystore.utility.Log.info(Log.java:24)
at com.mystore.utility.Log.info(Log.java:24)
at com.mystore.utility.Log.info(Log.java:24)
at com.mystore.utility.Log.info(Log.java:24)
at com.mystore.utility.Log.info(Log.java:24)
at com.mystore.utility.Log.info(Log.java:24)
at com.mystore.utility.Log.info(Log.java:24)
at com.mystore.utility.Log.info(Log.java:24)
at com.mystore.utility.Log.info(Log.java:24)
at com.mystore.utility.Log.info(Log.java:24)
at com.mystore.utility.Log.info(Log.java:24)
at com.mystore.utility.Log.info(Log.java:24)
at com.mystore.utility.Log.info(Log.java:24)
at com.mystore.utility.Log.info(Log.java:24)
at com.mystore.utility.Log.info(Log.java:24)
at com.mystore.utility.Log.info(Log.java:24)
at com.mystore.utility.Log.info(Log.java:24)
at com.mystore.utility.Log.info(Log.java:24)
at com.mystore.utility.Log.info(Log.java:24)
at com.mystore.utility.Log.info(Log.java:24)
at com.mystore.utility.Log.info(Log.java:24)
at com.mystore.utility.Log.info(Log.java:24)
at com.mystore.utility.Log.info(Log.java:24)
at com.mystore.utility.Log.info(Log.java:24)
at com.mystore.utility.Log.info(Log.java:24)
at com.mystore.utility.Log.info(Log.java:24)
at com.mystore.utility.Log.info(Log.java:24)
at com.mystore.utility.Log.info(Log.java:24)
at com.mystore.utility.Log.info(Log.java:24)
at com.mystore.utility.Log.info(Log.java:24)
at com.mystore.utility.Log.info(Log.java:24)
at com.mystore.utility.Log.info(Log.java:24)
at com.mystore.utility.Log.info(Log.java:24)
at com.mystore.utility.Log.info(Log.java:24)
at com.mystore.utility.Log.info(Log.java:24)
at com.mystore.utility.Log.info(Log.java:24)
at com.mystore.utility.Log.info(Log.java:24)
at com.mystore.utility.Log.info(Log.java:24)
at com.mystore.utility.Log.info(Log.java:24)
at com.mystore.utility.Log.info(Log.java:24)
at com.mystore.utility.Log.info(Log.java:24)
at com.mystore.utility.Log.info(Log.java:24)
at com.mystore.utility.Log.info(Log.java:24)
at com.mystore.utility.Log.info(Log.java:24)
at com.mystore.utility.Log.info(Log.java:24)
at com.mystore.utility.Log.info(Log.java:24)
at com.mystore.utility.Log.info(Log.java:24)
at com.mystore.utility.Log.info(Log.java:24)
at com.mystore.utility.Log.info(Log.java:24)
at com.mystore.utility.Log.info(Log.java:24)
at com.mystore.utility.Log.info(Log.java:24)
at com.mystore.utility.Log.info(Log.java:24)
at com.mystore.utility.Log.info(Log.java:24)
at com.mystore.utility.Log.info(Log.java:24)
at com.mystore.utility.Log.info(Log.java:24)
at com.mystore.utility.Log.info(Log.java:24)
at com.mystore.utility.Log.info(Log.java:24)
at com.mystore.utility.Log.info(Log.java:24)
at com.mystore.utility.Log.info(Log.java:24)
at com.mystore.utility.Log.info(Log.java:24)
at com.mystore.utility.Log.info(Log.java:24)
at com.mystore.utility.Log.info(Log.java:24)
at com.mystore.utility.Log.info(Log.java:24)
at com.mystore.utility.Log.info(Log.java:24)
at com.mystore.utility.Log.info(Log.java:24)
at com.mystore.utility.Log.info(Log.java:24)
at com.mystore.utility.Log.info(Log.java:24)
at com.mystore.utility.Log.info(Log.java:24)
at com.mystore.utility.Log.info(Log.java:24)
at com.mystore.utility.Log.info(Log.java:24)
at com.mystore.utility.Log.info(Log.java:24)
at com.mystore.utility.Log.info(Log.java:24)
at com.mystore.utility.Log.info(Log.java:24)
at com.mystore.utility.Log.info(Log.java:24)
at com.mystore.utility.Log.info(Log.java:24)
at com.mystore.utility.Log.info(Log.java:24)
at com.mystore.utility.Log.info(Log.java:24)
at com.mystore.utility.Log.info(Log.java:24)
at com.mystore.utility.Log.info(Log.java:24)
at com.mystore.utility.Log.info(Log.java:24)
at com.mystore.utility.Log.info(Log.java:24)
at com.mystore.utility.Log.info(Log.java:24)
at com.mystore.utility.Log.info(Log.java:24)
at com.mystore.utility.Log.info(Log.java:24)
at com.mystore.utility.Log.info(Log.java:24)
at com.mystore.utility.Log.info(Log.java:24)
at com.mystore.utility.Log.info(Log.java:24)
at com.mystore.utility.Log.info(Log.java:24)
at com.mystore.utility.Log.info(Log.java:24)
at com.mystore.utility.Log.info(Log.java:24)
at com.mystore.utility.Log.info(Log.java:24)
at com.mystore.utility.Log.info(Log.java:24)
at com.mystore.utility.Log.info(Log.java:24)
at com.mystore.utility.Log.info(Log.java:24)
at com.mystore.utility.Log.info(Log.java:24)
at com.mystore.utility.Log.info(Log.java:24)
at com.mystore.utility.Log.info(Log.java:24)
at com.mystore.utility.Log.info(Log.java:24)
at com.mystore.utility.Log.info(Log.java:24)
at com.mystore.utility.Log.info(Log.java:24)
at com.mystore.utility.Log.info(Log.java:24)
at com.mystore.utility.Log.info(Log.java:24)
at com.mystore.utility.Log.info(Log.java:24)
at com.mystore.utility.Log.info(Log.java:24)
at com.mystore.utility.Log.info(Log.java:24)
at com.mystore.utility.Log.info(Log.java:24)
at com.mystore.utility.Log.info(Log.java:24)
at com.mystore.utility.Log.info(Log.java:24)
at com.mystore.utility.Log.info(Log.java:24)
at com.mystore.utility.Log.info(Log.java:24)
at com.mystore.utility.Log.info(Log.java:24)
at com.mystore.utility.Log.info(Log.java:24)
at com.mystore.utility.Log.info(Log.java:24)
at com.mystore.utility.Log.info(Log.java:24)
at com.mystore.utility.Log.info(Log.java:24)
at com.mystore.utility.Log.info(Log.java:24)
at com.mystore.utility.Log.info(Log.java:24)
at com.mystore.utility.Log.info(Log.java:24)
at com.mystore.utility.Log.info(Log.java:24)
at com.mystore.utility.Log.info(Log.java:24)
at com.mystore.utility.Log.info(Log.java:24)
at com.mystore.utility.Log.info(Log.java:24)
at com.mystore.utility.Log.info(Log.java:24)
at com.mystore.utility.Log.info(Log.java:24)
at com.mystore.utility.Log.info(Log.java:24)
at com.mystore.utility.Log.info(Log.java:24)
at com.mystore.utility.Log.info(Log.java:24)
at com.mystore.utility.Log.info(Log.java:24)
at com.mystore.utility.Log.info(Log.java:24)
at com.mystore.utility.Log.info(Log.java:24)
at com.mystore.utility.Log.info(Log.java:24)
at com.mystore.utility.Log.info(Log.java:24)
at com.mystore.utility.Log.info(Log.java:24)
at com.mystore.utility.Log.info(Log.java:24)
at com.mystore.utility.Log.info(Log.java:24)
at com.mystore.utility.Log.info(Log.java:24)
at com.mystore.utility.Log.info(Log.java:24)
at com.mystore.utility.Log.info(Log.java:24)
at com.mystore.utility.Log.info(Log.java:24)
at com.mystore.utility.Log.info(Log.java:24)
at com.mystore.utility.Log.info(Log.java:24)
at com.mystore.utility.Log.info(Log.java:24)
at com.mystore.utility.Log.info(Log.java:24)
at com.mystore.utility.Log.info(Log.java:24)
at com.mystore.utility.Log.info(Log.java:24)
at com.mystore.utility.Log.info(Log.java:24)
at com.mystore.utility.Log.info(Log.java:24)
at com.mystore.utility.Log.info(Log.java:24)
at com.mystore.utility.Log.info(Log.java:24)
at com.mystore.utility.Log.info(Log.java:24)
at com.mystore.utility.Log.info(Log.java:24)
at com.mystore.utility.Log.info(Log.java:24)
at com.mystore.utility.Log.info(Log.java:24)
at com.mystore.utility.Log.info(Log.java:24)
at com.mystore.utility.Log.info(Log.java:24)
at com.mystore.utility.Log.info(Log.java:24)
at com.mystore.utility.Log.info(Log.java:24)
at com.mystore.utility.Log.info(Log.java:24)
at com.mystore.utility.Log.info(Log.java:24)
at com.mystore.utility.Log.info(Log.java:24)
at com.mystore.utility.Log.info(Log.java:24)
at com.mystore.utility.Log.info(Log.java:24)
at com.mystore.utility.Log.info(Log.java:24)
at com.mystore.utility.Log.info(Log.java:24)
at com.mystore.utility.Log.info(Log.java:24)
at com.mystore.utility.Log.info(Log.java:24)
at com.mystore.utility.Log.info(Log.java:24)
at com.mystore.utility.Log.info(Log.java:24)
at com.mystore.utility.Log.info(Log.java:24)
at com.mystore.utility.Log.info(Log.java:24)
at com.mystore.utility.Log.info(Log.java:24)
at com.mystore.utility.Log.info(Log.java:24)
at com.mystore.utility.Log.info(Log.java:24)
at com.mystore.utility.Log.info(Log.java:24)
at com.mystore.utility.Log.info(Log.java:24)
at com.mystore.utility.Log.info(Log.java:24)
at com.mystore.utility.Log.info(Log.java:24)
at com.mystore.utility.Log.info(Log.java:24)
at com.mystore.utility.Log.info(Log.java:24)
at com.mystore.utility.Log.info(Log.java:24)
at com.mystore.utility.Log.info(Log.java:24)
at com.mystore.utility.Log.info(Log.java:24)
at com.mystore.utility.Log.info(Log.java:24)
at com.mystore.utility.Log.info(Log.java:24)
at com.mystore.utility.Log.info(Log.java:24)
at com.mystore.utility.Log.info(Log.java:24)
at com.mystore.utility.Log.info(Log.java:24)
at com.mystore.utility.Log.info(Log.java:24)
at com.mystore.utility.Log.info(Log.java:24)
at com.mystore.utility.Log.info(Log.java:24)
at com.mystore.utility.Log.info(Log.java:24)
at com.mystore.utility.Log.info(Log.java:24)
at com.mystore.utility.Log.info(Log.java:24)
at com.mystore.utility.Log.info(Log.java:24)
at com.mystore.utility.Log.info(Log.java:24)
at com.mystore.utility.Log.info(Log.java:24)
at com.mystore.utility.Log.info(Log.java:24)
at com.mystore.utility.Log.info(Log.java:24)
at com.mystore.utility.Log.info(Log.java:24)
at com.mystore.utility.Log.info(Log.java:24)
at com.mystore.utility.Log.info(Log.java:24)
at com.mystore.utility.Log.info(Log.java:24)
at com.mystore.utility.Log.info(Log.java:24)
at com.mystore.utility.Log.info(Log.java:24)
at com.mystore.utility.Log.info(Log.java:24)
at com.mystore.utility.Log.info(Log.java:24)
at com.mystore.utility.Log.info(Log.java:24)
at com.mystore.utility.Log.info(Log.java:24)
at com.mystore.utility.Log.info(Log.java:24)
at com.mystore.utility.Log.info(Log.java:24)
at com.mystore.utility.Log.info(Log.java:24)
at com.mystore.utility.Log.info(Log.java:24)
at com.mystore.utility.Log.info(Log.java:24)
at com.mystore.utility.Log.info(Log.java:24)
at com.mystore.utility.Log.info(Log.java:24)
at com.mystore.utility.Log.info(Log.java:24)
at com.mystore.utility.Log.info(Log.java:24)
at com.mystore.utility.Log.info(Log.java:24)
at com.mystore.utility.Log.info(Log.java:24)
at com.mystore.utility.Log.info(Log.java:24)
at com.mystore.utility.Log.info(Log.java:24)
at com.mystore.utility.Log.info(Log.java:24)
at com.mystore.utility.Log.info(Log.java:24)
at com.mystore.utility.Log.info(Log.java:24)
at com.mystore.utility.Log.info(Log.java:24)
at com.mystore.utility.Log.info(Log.java:24)
at com.mystore.utility.Log.info(Log.java:24)
at com.mystore.utility.Log.info(Log.java:24)
at com.mystore.utility.Log.info(Log.java:24)
at com.mystore.utility.Log.info(Log.java:24)
at com.mystore.utility.Log.info(Log.java:24)
at com.mystore.utility.Log.info(Log.java:24)
at com.mystore.utility.Log.info(Log.java:24)
at com.mystore.utility.Log.info(Log.java:24)
at com.mystore.utility.Log.info(Log.java:24)
at com.mystore.utility.Log.info(Log.java:24)
at com.mystore.utility.Log.info(Log.java:24)
at com.mystore.utility.Log.info(Log.java:24)
at com.mystore.utility.Log.info(Log.java:24)
at com.mystore.utility.Log.info(Log.java:24)
at com.mystore.utility.Log.info(Log.java:24)
at com.mystore.utility.Log.info(Log.java:24)
at com.mystore.utility.Log.info(Log.java:24)
at com.mystore.utility.Log.info(Log.java:24)
at com.mystore.utility.Log.info(Log.java:24)
at com.mystore.utility.Log.info(Log.java:24)
at com.mystore.utility.Log.info(Log.java:24)
at com.mystore.utility.Log.info(Log.java:24)
at com.mystore.utility.Log.info(Log.java:24)
at com.mystore.utility.Log.info(Log.java:24)
at com.mystore.utility.Log.info(Log.java:24)
at com.mystore.utility.Log.info(Log.java:24)
at com.mystore.utility.Log.info(Log.java:24)
at com.mystore.utility.Log.info(Log.java:24)
at com.mystore.utility.Log.info(Log.java:24)
at com.mystore.utility.Log.info(Log.java:24)
at com.mystore.utility.Log.info(Log.java:24)
at com.mystore.utility.Log.info(Log.java:24)
at com.mystore.utility.Log.info(Log.java:24)
at com.mystore.utility.Log.info(Log.java:24)
at com.mystore.utility.Log.info(Log.java:24)
at com.mystore.utility.Log.info(Log.java:24)
at com.mystore.utility.Log.info(Log.java:24)
at com.mystore.utility.Log.info(Log.java:24)
at com.mystore.utility.Log.info(Log.java:24)
at com.mystore.utility.Log.info(Log.java:24)
at com.mystore.utility.Log.info(Log.java:24)
at com.mystore.utility.Log.info(Log.java:24)
at com.mystore.utility.Log.info(Log.java:24)
at com.mystore.utility.Log.info(Log.java:24)
at com.mystore.utility.Log.info(Log.java:24)
at com.mystore.utility.Log.info(Log.java:24)
at com.mystore.utility.Log.info(Log.java:24)
at com.mystore.utility.Log.info(Log.java:24)
at com.mystore.utility.Log.info(Log.java:24)
at com.mystore.utility.Log.info(Log.java:24)
at com.mystore.utility.Log.info(Log.java:24)
at com.mystore.utility.Log.info(Log.java:24)
at com.mystore.utility.Log.info(Log.java:24)
at com.mystore.utility.Log.info(Log.java:24)
at com.mystore.utility.Log.info(Log.java:24)
at com.mystore.utility.Log.info(Log.java:24)
at com.mystore.utility.Log.info(Log.java:24)
at com.mystore.utility.Log.info(Log.java:24)
at com.mystore.utility.Log.info(Log.java:24)
at com.mystore.utility.Log.info(Log.java:24)
at com.mystore.utility.Log.info(Log.java:24)
at com.mystore.utility.Log.info(Log.java:24)
at com.mystore.utility.Log.info(Log.java:24)
at com.mystore.utility.Log.info(Log.java:24)
at com.mystore.utility.Log.info(Log.java:24)
at com.mystore.utility.Log.info(Log.java:24)
at com.mystore.utility.Log.info(Log.java:24)
at com.mystore.utility.Log.info(Log.java:24)
at com.mystore.utility.Log.info(Log.java:24)
at com.mystore.utility.Log.info(Log.java:24)
at com.mystore.utility.Log.info(Log.java:24)
at com.mystore.utility.Log.info(Log.java:24)
at com.mystore.utility.Log.info(Log.java:24)
at com.mystore.utility.Log.info(Log.java:24)
at com.mystore.utility.Log.info(Log.java:24)
at com.mystore.utility.Log.info(Log.java:24)
at com.mystore.utility.Log.info(Log.java:24)
at com.mystore.utility.Log.info(Log.java:24)
at com.mystore.utility.Log.info(Log.java:24)
at com.mystore.utility.Log.info(Log.java:24)
at com.mystore.utility.Log.info(Log.java:24)
at com.mystore.utility.Log.info(Log.java:24)
at com.mystore.utility.Log.info(Log.java:24)
at com.mystore.utility.Log.info(Log.java:24)
at com.mystore.utility.Log.info(Log.java:24)
at com.mystore.utility.Log.info(Log.java:24)
at com.mystore.utility.Log.info(Log.java:24)
at com.mystore.utility.Log.info(Log.java:24)
at com.mystore.utility.Log.info(Log.java:24)
at com.mystore.utility.Log.info(Log.java:24)
at com.mystore.utility.Log.info(Log.java:24)
at com.mystore.utility.Log.info(Log.java:24)
at com.mystore.utility.Log.info(Log.java:24)
at com.mystore.utility.Log.info(Log.java:24)
at com.mystore.utility.Log.info(Log.java:24)
at com.mystore.utility.Log.info(Log.java:24)
at com.mystore.utility.Log.info(Log.java:24)
at com.mystore.utility.Log.info(Log.java:24)
at com.mystore.utility.Log.info(Log.java:24)
at com.mystore.utility.Log.info(Log.java:24)
at com.mystore.utility.Log.info(Log.java:24)
at com.mystore.utility.Log.info(Log.java:24)
at com.mystore.utility.Log.info(Log.java:24)
at com.mystore.utility.Log.info(Log.java:24)
at com.mystore.utility.Log.info(Log.java:24)
at com.mystore.utility.Log.info(Log.java:24)
at com.mystore.utility.Log.info(Log.java:24)
at com.mystore.utility.Log.info(Log.java:24)
at com.mystore.utility.Log.info(Log.java:24)
at com.mystore.utility.Log.info(Log.java:24)
at com.mystore.utility.Log.info(Log.java:24)
at com.mystore.utility.Log.info(Log.java:24)
at com.mystore.utility.Log.info(Log.java:24)
at com.mystore.utility.Log.info(Log.java:24)
at com.mystore.utility.Log.info(Log.java:24)
at com.mystore.utility.Log.info(Log.java:24)
at com.mystore.utility.Log.info(Log.java:24)
at com.mystore.utility.Log.info(Log.java:24)
at com.mystore.utility.Log.info(Log.java:24)
at com.mystore.utility.Log.info(Log.java:24)
at com.mystore.utility.Log.info(Log.java:24)
at com.mystore.utility.Log.info(Log.java:24)
at com.mystore.utility.Log.info(Log.java:24)
at com.mystore.utility.Log.info(Log.java:24)
at com.mystore.utility.Log.info(Log.java:24)
at com.mystore.utility.Log.info(Log.java:24)
at com.mystore.utility.Log.info(Log.java:24)
at com.mystore.utility.Log.info(Log.java:24)
at com.mystore.utility.Log.info(Log.java:24)
at com.mystore.utility.Log.info(Log.java:24)
at com.mystore.utility.Log.info(Log.java:24)
at com.mystore.utility.Log.info(Log.java:24)
at com.mystore.utility.Log.info(Log.java:24)
at com.mystore.utility.Log.info(Log.java:24)
at com.mystore.utility.Log.info(Log.java:24)
at com.mystore.utility.Log.info(Log.java:24)
at com.mystore.utility.Log.info(Log.java:24)
at com.mystore.utility.Log.info(Log.java:24)
at com.mystore.utility.Log.info(Log.java:24)
at com.mystore.utility.Log.info(Log.java:24)
at com.mystore.utility.Log.info(Log.java:24)
at com.mystore.utility.Log.info(Log.java:24)
at com.mystore.utility.Log.info(Log.java:24)
at com.mystore.utility.Log.info(Log.java:24)
at com.mystore.utility.Log.info(Log.java:24)
at com.mystore.utility.Log.info(Log.java:24)
at com.mystore.utility.Log.info(Log.java:24)
at com.mystore.utility.Log.info(Log.java:24)
at com.mystore.utility.Log.info(Log.java:24)
at com.mystore.utility.Log.info(Log.java:24)
at com.mystore.utility.Log.info(Log.java:24)
at com.mystore.utility.Log.info(Log.java:24)
at com.mystore.utility.Log.info(Log.java:24)
at com.mystore.utility.Log.info(Log.java:24)
at com.mystore.utility.Log.info(Log.java:24)
at com.mystore.utility.Log.info(Log.java:24)
at com.mystore.utility.Log.info(Log.java:24)
at com.mystore.utility.Log.info(Log.java:24)
at com.mystore.utility.Log.info(Log.java:24)
at com.mystore.utility.Log.info(Log.java:24)
at com.mystore.utility.Log.info(Log.java:24)
at com.mystore.utility.Log.info(Log.java:24)
at com.mystore.utility.Log.info(Log.java:24)
at com.mystore.utility.Log.info(Log.java:24)
at com.mystore.utility.Log.info(Log.java:24)
at com.mystore.utility.Log.info(Log.java:24)
at com.mystore.utility.Log.info(Log.java:24)
at com.mystore.utility.Log.info(Log.java:24)
at com.mystore.utility.Log.info(Log.java:24)
at com.mystore.utility.Log.info(Log.java:24)
at com.mystore.utility.Log.info(Log.java:24)
at com.mystore.utility.Log.info(Log.java:24)
at com.mystore.utility.Log.info(Log.java:24)
at com.mystore.utility.Log.info(Log.java:24)
at com.mystore.utility.Log.info(Log.java:24)
at com.mystore.utility.Log.info(Log.java:24)
at com.mystore.utility.Log.info(Log.java:24)
at com.mystore.utility.Log.info(Log.java:24)
at com.mystore.utility.Log.info(Log.java:24)
at com.mystore.utility.Log.info(Log.java:24)
at com.mystore.utility.Log.info(Log.java:24)
at com.mystore.utility.Log.info(Log.java:24)
at com.mystore.utility.Log.info(Log.java:24)
at com.mystore.utility.Log.info(Log.java:24)
at com.mystore.utility.Log.info(Log.java:24)
at com.mystore.utility.Log.info(Log.java:24)
at com.mystore.utility.Log.info(Log.java:24)
at com.mystore.utility.Log.info(Log.java:24)
at com.mystore.utility.Log.info(Log.java:24)
at com.mystore.utility.Log.info(Log.java:24)
at com.mystore.utility.Log.info(Log.java:24)
at com.mystore.utility.Log.info(Log.java:24)
at com.mystore.utility.Log.info(Log.java:24)
at com.mystore.utility.Log.info(Log.java:24)
at com.mystore.utility.Log.info(Log.java:24)
at com.mystore.utility.Log.info(Log.java:24)
at com.mystore.utility.Log.info(Log.java:24)
at com.mystore.utility.Log.info(Log.java:24)
at com.mystore.utility.Log.info(Log.java:24)
at com.mystore.utility.Log.info(Log.java:24)
at com.mystore.utility.Log.info(Log.java:24)
at com.mystore.utility.Log.info(Log.java:24)
at com.mystore.utility.Log.info(Log.java:24)
at com.mystore.utility.Log.info(Log.java:24)
at com.mystore.utility.Log.info(Log.java:24)
at com.mystore.utility.Log.info(Log.java:24)
at com.mystore.utility.Log.info(Log.java:24)
at com.mystore.utility.Log.info(Log.java:24)
at com.mystore.utility.Log.info(Log.java:24)
at com.mystore.utility.Log.info(Log.java:24)
at com.mystore.utility.Log.info(Log.java:24)
at com.mystore.utility.Log.info(Log.java:24)
at com.mystore.utility.Log.info(Log.java:24)
at com.mystore.utility.Log.info(Log.java:24)
at com.mystore.utility.Log.info(Log.java:24)
at com.mystore.utility.Log.info(Log.java:24)
at com.mystore.utility.Log.info(Log.java:24)
at com.mystore.utility.Log.info(Log.java:24)
at com.mystore.utility.Log.info(Log.java:24)
at com.mystore.utility.Log.info(Log.java:24)
at com.mystore.utility.Log.info(Log.java:24)
at com.mystore.utility.Log.info(Log.java:24)
at com.mystore.utility.Log.info(Log.java:24)
at com.mystore.utility.Log.info(Log.java:24)
at com.mystore.utility.Log.info(Log.java:24)
at com.mystore.utility.Log.info(Log.java:24)
at com.mystore.utility.Log.info(Log.java:24)
at com.mystore.utility.Log.info(Log.java:24)
at com.mystore.utility.Log.info(Log.java:24)
at com.mystore.utility.Log.info(Log.java:24)
at com.mystore.utility.Log.info(Log.java:24)
at com.mystore.utility.Log.info(Log.java:24)
at com.mystore.utility.Log.info(Log.java:24)
at com.mystore.utility.Log.info(Log.java:24)
at com.mystore.utility.Log.info(Log.java:24)
at com.mystore.utility.Log.info(Log.java:24)
at com.mystore.utility.Log.info(Log.java:24)
at com.mystore.utility.Log.info(Log.java:24)
at com.mystore.utility.Log.info(Log.java:24)
at com.mystore.utility.Log.info(Log.java:24)
at com.mystore.utility.Log.info(Log.java:24)
at com.mystore.utility.Log.info(Log.java:24)
at com.mystore.utility.Log.info(Log.java:24)
at com.mystore.utility.Log.info(Log.java:24)
at com.mystore.utility.Log.info(Log.java:24)
at com.mystore.utility.Log.info(Log.java:24)
at com.mystore.utility.Log.info(Log.java:24)
at com.mystore.utility.Log.info(Log.java:24)
at com.mystore.utility.Log.info(Log.java:24)
at com.mystore.utility.Log.info(Log.java:24)
at com.mystore.utility.Log.info(Log.java:24)
at com.mystore.utility.Log.info(Log.java:24)
at com.mystore.utility.Log.info(Log.java:24)
at com.mystore.utility.Log.info(Log.java:24)
at com.mystore.utility.Log.info(Log.java:24)
at com.mystore.utility.Log.info(Log.java:24)
at com.mystore.utility.Log.info(Log.java:24)
at com.mystore.utility.Log.info(Log.java:24)
at com.mystore.utility.Log.info(Log.java:24)
at com.mystore.utility.Log.info(Log.java:24)
at com.mystore.utility.Log.info(Log.java:24)
at com.mystore.utility.Log.info(Log.java:24)
at com.mystore.utility.Log.info(Log.java:24)
at com.mystore.utility.Log.info(Log.java:24)
at com.mystore.utility.Log.info(Log.java:24)
at com.mystore.utility.Log.info(Log.java:24)
at com.mystore.utility.Log.info(Log.java:24)
at com.mystore.utility.Log.info(Log.java:24)
at com.mystore.utility.Log.info(Log.java:24)
at com.mystore.utility.Log.info(Log.java:24)
at com.mystore.utility.Log.info(Log.java:24)
at com.mystore.utility.Log.info(Log.java:24)
at com.mystore.utility.Log.info(Log.java:24)
at com.mystore.utility.Log.info(Log.java:24)
at com.mystore.utility.Log.info(Log.java:24)
at com.mystore.utility.Log.info(Log.java:24)
at com.mystore.utility.Log.info(Log.java:24)
at com.mystore.utility.Log.info(Log.java:24)
at com.mystore.utility.Log.info(Log.java:24)
at com.mystore.utility.Log.info(Log.java:24)
at com.mystore.utility.Log.info(Log.java:24)
at com.mystore.utility.Log.info(Log.java:24)
at com.mystore.utility.Log.info(Log.java:24)
at com.mystore.utility.Log.info(Log.java:24)
at com.mystore.utility.Log.info(Log.java:24)
at com.mystore.utility.Log.info(Log.java:24)
at com.mystore.utility.Log.info(Log.java:24)
at com.mystore.utility.Log.info(Log.java:24)
at com.mystore.utility.Log.info(Log.java:24)
at com.mystore.utility.Log.info(Log.java:24)
at com.mystore.utility.Log.info(Log.java:24)
at com.mystore.utility.Log.info(Log.java:24)
at com.mystore.utility.Log.info(Log.java:24)
at com.mystore.utility.Log.info(Log.java:24)
at com.mystore.utility.Log.info(Log.java:24)
at com.mystore.utility.Log.info(Log.java:24)
at com.mystore.utility.Log.info(Log.java:24)
at com.mystore.utility.Log.info(Log.java:24)
at com.mystore.utility.Log.info(Log.java:24)
at com.mystore.utility.Log.info(Log.java:24)
at com.mystore.utility.Log.info(Log.java:24)
at com.mystore.utility.Log.info(Log.java:24)
at com.mystore.utility.Log.info(Log.java:24)
at com.mystore.utility.Log.info(Log.java:24)
at com.mystore.utility.Log.info(Log.java:24)
at com.mystore.utility.Log.info(Log.java:24)
at com.mystore.utility.Log.info(Log.java:24)
at com.mystore.utility.Log.info(Log.java:24)
at com.mystore.utility.Log.info(Log.java:24)
at com.mystore.utility.Log.info(Log.java:24)
at com.mystore.utility.Log.info(Log.java:24)
at com.mystore.utility.Log.info(Log.java:24)
at com.mystore.utility.Log.info(Log.java:24)
at com.mystore.utility.Log.info(Log.java:24)
at com.mystore.utility.Log.info(Log.java:24)
at com.mystore.utility.Log.info(Log.java:24)
at com.mystore.utility.Log.info(Log.java:24)
at com.mystore.utility.Log.info(Log.java:24)
at com.mystore.utility.Log.info(Log.java:24)
at com.mystore.utility.Log.info(Log.java:24)
at com.mystore.utility.Log.info(Log.java:24)
at com.mystore.utility.Log.info(Log.java:24)
at com.mystore.utility.Log.info(Log.java:24)
at com.mystore.utility.Log.info(Log.java:24)
at com.mystore.utility.Log.info(Log.java:24)
at com.mystore.utility.Log.info(Log.java:24)
at com.mystore.utility.Log.info(Log.java:24)
at com.mystore.utility.Log.info(Log.java:24)
at com.mystore.utility.Log.info(Log.java:24)
at com.mystore.utility.Log.info(Log.java:24)
at com.mystore.utility.Log.info(Log.java:24)
at com.mystore.utility.Log.info(Log.java:24)
at com.mystore.utility.Log.info(Log.java:24)
at com.mystore.utility.Log.info(Log.java:24)
at com.mystore.utility.Log.info(Log.java:24)
at com.mystore.utility.Log.info(Log.java:24)
at com.mystore.utility.Log.info(Log.java:24)
at com.mystore.utility.Log.info(Log.java:24)
at com.mystore.utility.Log.info(Log.java:24)
at com.mystore.utility.Log.info(Log.java:24)
at com.mystore.utility.Log.info(Log.java:24)
at com.mystore.utility.Log.info(Log.java:24)
at com.mystore.utility.Log.info(Log.java:24)
at com.mystore.utility.Log.info(Log.java:24)
at com.mystore.utility.Log.info(Log.java:24)
at com.mystore.utility.Log.info(Log.java:24)
at com.mystore.utility.Log.info(Log.java:24)
at com.mystore.utility.Log.info(Log.java:24)
at com.mystore.utility.Log.info(Log.java:24)
at com.mystore.utility.Log.info(Log.java:24)
at com.mystore.utility.Log.info(Log.java:24)
at com.mystore.utility.Log.info(Log.java:24)
at com.mystore.utility.Log.info(Log.java:24)
at com.mystore.utility.Log.info(Log.java:24)
at com.mystore.utility.Log.info(Log.java:24)
at com.mystore.utility.Log.info(Log.java:24)
at com.mystore.utility.Log.info(Log.java:24)
at com.mystore.utility.Log.info(Log.java:24)
at com.mystore.utility.Log.info(Log.java:24)
at com.mystore.utility.Log.info(Log.java:24)
at com.mystore.utility.Log.info(Log.java:24)
at com.mystore.utility.Log.info(Log.java:24)
at com.mystore.utility.Log.info(Log.java:24)
at com.mystore.utility.Log.info(Log.java:24)
at com.mystore.utility.Log.info(Log.java:24)
at com.mystore.utility.Log.info(Log.java:24)
at com.mystore.utility.Log.info(Log.java:24)
at com.mystore.utility.Log.info(Log.java:24)
at com.mystore.utility.Log.info(Log.java:24)
at com.mystore.utility.Log.info(Log.java:24)
at com.mystore.utility.Log.info(Log.java:24)
at com.mystore.utility.Log.info(Log.java:24)
at com.mystore.utility.Log.info(Log.java:24)
at com.mystore.utility.Log.info(Log.java:24)
at com.mystore.utility.Log.info(Log.java:24)
at com.mystore.utility.Log.info(Log.java:24)
at com.mystore.utility.Log.info(Log.java:24)
at com.mystore.utility.Log.info(Log.java:24)
at com.mystore.utility.Log.info(Log.java:24)
at com.mystore.utility.Log.info(Log.java:24)
at com.mystore.utility.Log.info(Log.java:24)
at com.mystore.utility.Log.info(Log.java:24)
at com.mystore.utility.Log.info(Log.java:24)
at com.mystore.utility.Log.info(Log.java:24)
at com.mystore.utility.Log.info(Log.java:24)
at com.mystore.utility.Log.info(Log.java:24)
at com.mystore.utility.Log.info(Log.java:24)
at com.mystore.utility.Log.info(Log.java:24)
at com.mystore.utility.Log.info(Log.java:24)
at com.mystore.utility.Log.info(Log.java:24)
at com.mystore.utility.Log.info(Log.java:24)
at com.mystore.utility.Log.info(Log.java:24)
at com.mystore.utility.Log.info(Log.java:24)
at com.mystore.utility.Log.info(Log.java:24)
at com.mystore.utility.Log.info(Log.java:24)
at com.mystore.utility.Log.info(Log.java:24)
at com.mystore.utility.Log.info(Log.java:24)
at com.mystore.utility.Log.info(Log.java:24)
at com.mystore.utility.Log.info(Log.java:24)
at com.mystore.utility.Log.info(Log.java:24)
at com.mystore.utility.Log.info(Log.java:24)
at com.mystore.utility.Log.info(Log.java:24)
at com.mystore.utility.Log.info(Log.java:24)
at com.mystore.utility.Log.info(Log.java:24)
at com.mystore.utility.Log.info(Log.java:24)
at com.mystore.utility.Log.info(Log.java:24)
at com.mystore.utility.Log.info(Log.java:24)
at com.mystore.utility.Log.info(Log.java:24)
at com.mystore.utility.Log.info(Log.java:24)
at com.mystore.utility.Log.info(Log.java:24)
at com.mystore.utility.Log.info(Log.java:24)
at com.mystore.utility.Log.info(Log.java:24)
at com.mystore.utility.Log.info(Log.java:24)
at com.mystore.utility.Log.info(Log.java:24)
at com.mystore.utility.Log.info(Log.java:24)
at com.mystore.utility.Log.info(Log.java:24)
at com.mystore.utility.Log.info(Log.java:24)
at com.mystore.utility.Log.info(Log.java:24)
at com.mystore.utility.Log.info(Log.java:24)
at com.mystore.utility.Log.info(Log.java:24)
at com.mystore.utility.Log.info(Log.java:24)
at com.mystore.utility.Log.info(Log.java:24)
at com.mystore.utility.Log.info(Log.java:24)
at com.mystore.utility.Log.info(Log.java:24)
at com.mystore.utility.Log.info(Log.java:24)
at com.mystore.utility.Log.info(Log.java:24)
at com.mystore.utility.Log.info(Log.java:24)
at com.mystore.utility.Log.info(Log.java:24)
at com.mystore.utility.Log.info(Log.java:24)
at com.mystore.utility.Log.info(Log.java:24)
at com.mystore.utility.Log.info(Log.java:24)
at com.mystore.utility.Log.info(Log.java:24)
at com.mystore.utility.Log.info(Log.java:24)
at com.mystore.utility.Log.info(Log.java:24)
at com.mystore.utility.Log.info(Log.java:24)
at com.mystore.utility.Log.info(Log.java:24)
at com.mystore.utility.Log.info(Log.java:24)
at com.mystore.utility.Log.info(Log.java:24)
at com.mystore.utility.Log.info(Log.java:24)
at com.mystore.utility.Log.info(Log.java:24)
at com.mystore.utility.Log.info(Log.java:24)
at com.mystore.utility.Log.info(Log.java:24)
at com.mystore.utility.Log.info(Log.java:24)
at com.mystore.utility.Log.info(Log.java:24)
at com.mystore.utility.Log.info(Log.java:24)
at com.mystore.utility.Log.info(Log.java:24)
at com.mystore.utility.Log.info(Log.java:24)
at com.mystore.utility.Log.info(Log.java:24)
at com.mystore.utility.Log.info(Log.java:24)
at com.mystore.utility.Log.info(Log.java:24)
at com.mystore.utility.Log.info(Log.java:24)
at com.mystore.utility.Log.info(Log.java:24)
at com.mystore.utility.Log.info(Log.java:24)
at com.mystore.utility.Log.info(Log.java:24)
at com.mystore.utility.Log.info(Log.java:24)
at com.mystore.utility.Log.info(Log.java:24)
at com.mystore.utility.Log.info(Log.java:24)
at com.mystore.utility.Log.info(Log.java:24)
at com.mystore.utility.Log.info(Log.java:24)
at com.mystore.utility.Log.info(Log.java:24)
at com.mystore.utility.Log.info(Log.java:24)
at com.mystore.utility.Log.info(Log.java:24)
at com.mystore.utility.Log.info(Log.java:24)
at com.mystore.utility.Log.info(Log.java:24)
at com.mystore.utility.Log.info(Log.java:24)
at com.mystore.utility.Log.info(Log.java:24)
at com.mystore.utility.Log.info(Log.java:24)
at com.mystore.utility.Log.info(Log.java:24)
at com.mystore.utility.Log.info(Log.java:24)
at com.mystore.utility.Log.info(Log.java:24)
at com.mystore.utility.Log.info(Log.java:24)
at com.mystore.utility.Log.info(Log.java:24)
at com.mystore.utility.Log.info(Log.java:24)
at com.mystore.utility.Log.info(Log.java:24)
at com.mystore.utility.Log.info(Log.java:24)
at com.mystore.utility.Log.info(Log.java:24)
at com.mystore.utility.Log.info(Log.java:24)
at com.mystore.utility.Log.info(Log.java:24)
at com.mystore.utility.Log.info(Log.java:24)
at com.mystore.utility.Log.info(Log.java:24)
at com.mystore.utility.Log.info(Log.java:24)
at com.mystore.utility.Log.info(Log.java:24)
at com.mystore.utility.Log.info(Log.java:24)
at com.mystore.utility.Log.info(Log.java:24)
at com.mystore.utility.Log.info(Log.java:24)
at com.mystore.utility.Log.info(Log.java:24)
at com.mystore.utility.Log.info(Log.java:24)
at com.mystore.utility.Log.info(Log.java:24)
at com.mystore.utility.Log.info(Log.java:24)
at com.mystore.utility.Log.info(Log.java:24)
at com.mystore.utility.Log.info(Log.java:24)
at com.mystore.utility.Log.info(Log.java:24)
at com.mystore.utility.Log.info(Log.java:24)
at com.mystore.utility.Log.info(Log.java:24)
at com.mystore.utility.Log.info(Log.java:24)
at com.mystore.utility.Log.info(Log.java:24)
at com.mystore.utility.Log.info(Log.java:24)
at com.mystore.utility.Log.info(Log.java:24)
at com.mystore.utility.Log.info(Log.java:24)
at com.mystore.utility.Log.info(Log.java:24)
at com.mystore.utility.Log.info(Log.java:24)
at com.mystore.utility.Log.info(Log.java:24)
at com.mystore.utility.Log.info(Log.java:24)
at com.mystore.utility.Log.info(Log.java:24)
at com.mystore.utility.Log.info(Log.java:24)
at com.mystore.utility.Log.info(Log.java:24)
at com.mystore.utility.Log.info(Log.java:24)
at com.mystore.utility.Log.info(Log.java:24)
at com.mystore.utility.Log.info(Log.java:24)
at com.mystore.utility.Log.info(Log.java:24)
at com.mystore.utility.Log.info(Log.java:24)
at com.mystore.utility.Log.info(Log.java:24)
at com.mystore.utility.Log.info(Log.java:24)
at com.mystore.utility.Log.info(Log.java:24)
at com.mystore.utility.Log.info(Log.java:24)
at com.mystore.utility.Log.info(Log.java:24)
at com.mystore.utility.Log.info(Log.java:24)
at com.mystore.utility.Log.info(Log.java:24)
at com.mystore.utility.Log.info(Log.java:24)
at com.mystore.utility.Log.info(Log.java:24)
at com.mystore.utility.Log.info(Log.java:24)
at com.mystore.utility.Log.info(Log.java:24)
at com.mystore.utility.Log.info(Log.java:24)
at com.mystore.utility.Log.info(Log.java:24)
at com.mystore.utility.Log.info(Log.java:24)
at com.mystore.utility.Log.info(Log.java:24)
at com.mystore.utility.Log.info(Log.java:24)
at com.mystore.utility.Log.info(Log.java:24)
at com.mystore.utility.Log.info(Log.java:24)
at com.mystore.utility.Log.info(Log.java:24)
at com.mystore.utility.Log.info(Log.java:24)
at com.mystore.utility.Log.info(Log.java:24)
at com.mystore.utility.Log.info(Log.java:24)
at com.mystore.utility.Log.info(Log.java:24)
at com.mystore.utility.Log.info(Log.java:24)
at com.mystore.utility.Log.info(Log.java:24)
at com.mystore.utility.Log.info(Log.java:24)
at com.mystore.utility.Log.info(Log.java:24)
at com.mystore.utility.Log.info(Log.java:24)
at com.mystore.utility.Log.info(Log.java:24)
at com.mystore.utility.Log.info(Log.java:24)
at com.mystore.utility.Log.info(Log.java:24)
at com.mystore.utility.Log.info(Log.java:24)
at com.mystore.utility.Log.info(Log.java:24)
at com.mystore.utility.Log.info(Log.java:24)
at com.mystore.utility.Log.info(Log.java:24)
at com.mystore.utility.Log.info(Log.java:24)
at com.mystore.utility.Log.info(Log.java:24)
at com.mystore.utility.Log.info(Log.java:24)
at com.mystore.utility.Log.info(Log.java:24)
at com.mystore.utility.Log.info(Log.java:24)
at com.mystore.utility.Log.info(Log.java:24)
at com.mystore.utility.Log.info(Log.java:24)
at com.mystore.utility.Log.info(Log.java:24)
at com.mystore.utility.Log.info(Log.java:24)
at com.mystore.utility.Log.info(Log.java:24)
at com.mystore.utility.Log.info(Log.java:24)
at com.mystore.utility.Log.info(Log.java:24)
at com.mystore.utility.Log.info(Log.java:24)
at com.mystore.utility.Log.info(Log.java:24)
at com.mystore.utility.Log.info(Log.java:24)
at com.mystore.utility.Log.info(Log.java:24)
at com.mystore.utility.Log.info(Log.java:24)
at com.mystore.utility.Log.info(Log.java:24)
at com.mystore.utility.Log.info(Log.java:24)
at com.mystore.utility.Log.info(Log.java:24)
at com.mystore.utility.Log.info(Log.java:24)
at com.mystore.utility.Log.info(Log.java:24)
at com.mystore.utility.Log.info(Log.java:24)
at com.mystore.utility.Log.info(Log.java:24)
at com.mystore.utility.Log.info(Log.java:24)
at com.mystore.utility.Log.info(Log.java:24)
at com.mystore.utility.Log.info(Log.java:24)
at com.mystore.utility.Log.info(Log.java:24)
at com.mystore.utility.Log.info(Log.java:24)
at com.mystore.utility.Log.info(Log.java:24)
at com.mystore.utility.Log.info(Log.java:24)
at com.mystore.utility.Log.info(Log.java:24)
at com.mystore.utility.Log.info(Log.java:24)
at com.mystore.utility.Log.info(Log.java:24)
at com.mystore.utility.Log.info(Log.java:24)
at com.mystore.utility.Log.info(Log.java:24)
at com.mystore.utility.Log.info(Log.java:24)
at com.mystore.utility.Log.info(Log.java:24)
at com.mystore.utility.Log.info(Log.java:24)
at com.mystore.utility.Log.info(Log.java:24)
at com.mystore.utility.Log.info(Log.java:24)
at com.mystore.utility.Log.info(Log.java:24)
at com.mystore.utility.Log.info(Log.java:24)
at com.mystore.utility.Log.info(Log.java:24)
at com.mystore.utility.Log.info(Log.java:24)
at com.mystore.utility.Log.info(Log.java:24)
at com.mystore.utility.Log.info(Log.java:24)
at com.mystore.utility.Log.info(Log.java:24)
at com.mystore.utility.Log.info(Log.java:24)
at com.mystore.utility.Log.info(Log.java:24)
at com.mystore.utility.Log.info(Log.java:24)
at com.mystore.utility.Log.info(Log.java:24)
at com.mystore.utility.Log.info(Log.java:24)
at com.mystore.utility.Log.info(Log.java:24)
at com.mystore.utility.Log.info(Log.java:24)
at com.mystore.utility.Log.info(Log.java:24)
at com.mystore.utility.Log.info(Log.java:24)
at com.mystore.utility.Log.info(Log.java:24)
at com.mystore.utility.Log.info(Log.java:24)
at com.mystore.utility.Log.info(Log.java:24)
at com.mystore.utility.Log.info(Log.java:24)
at com.mystore.utility.Log.info(Log.java:24)
at com.mystore.utility.Log.info(Log.java:24)
at com.mystore.utility.Log.info(Log.java:24)
at com.mystore.utility.Log.info(Log.java:24)
at com.mystore.utility.Log.info(Log.java:24)
at com.mystore.utility.Log.info(Log.java:24)
at com.mystore.utility.Log.info(Log.java:24)
at com.mystore.utility.Log.info(Log.java:24)
at com.mystore.utility.Log.info(Log.java:24)
at com.mystore.utility.Log.info(Log.java:24)
at com.mystore.utility.Log.info(Log.java:24)
at com.mystore.utility.Log.info(Log.java:24)
at com.mystore.utility.Log.info(Log.java:24)
at com.mystore.utility.Log.info(Log.java:24)
at com.mystore.utility.Log.info(Log.java:24)
at com.mystore.utility.Log.info(Log.java:24)
at com.mystore.utility.Log.info(Log.java:24)
at com.mystore.utility.Log.info(Log.java:24)
at com.mystore.utility.Log.info(Log.java:24)
at com.mystore.utility.Log.info(Log.java:24)
at com.mystore.utility.Log.info(Log.java:24)
at com.mystore.utility.Log.info(Log.java:24)
at com.mystore.utility.Log.info(Log.java:24)
at com.mystore.utility.Log.info(Log.java:24)
at com.mystore.utility.Log.info(Log.java:24)
at com.mystore.utility.Log.info(Log.java:24)
at com.mystore.utility.Log.info(Log.java:24)
at com.mystore.utility.Log.info(Log.java:24)
at com.mystore.utility.Log.info(Log.java:24)
at com.mystore.utility.Log.info(Log.java:24)
at com.mystore.utility.Log.info(Log.java:24)
at com.mystore.utility.Log.info(Log.java:24)
at com.mystore.utility.Log.info(Log.java:24)
at com.mystore.utility.Log.info(Log.java:24)
at com.mystore.utility.Log.info(Log.java:24)
at com.mystore.utility.Log.info(Log.java:24)
at com.mystore.utility.Log.info(Log.java:24)
at com.mystore.utility.Log.info(Log.java:24)
at com.mystore.utility.Log.info(Log.java:24)
at com.mystore.utility.Log.info(Log.java:24)
at com.mystore.utility.Log.info(Log.java:24)
at com.mystore.utility.Log.info(Log.java:24)
at com.mystore.utility.Log.info(Log.java:24)
at com.mystore.utility.Log.info(Log.java:24)
at com.mystore.utility.Log.info(Log.java:24)
at com.mystore.utility.Log.info(Log.java:24)
at com.mystore.utility.Log.info(Log.java:24)
at com.mystore.utility.Log.info(Log.java:24)
at com.mystore.utility.Log.info(Log.java:24)
at com.mystore.utility.Log.info(Log.java:24)
at com.mystore.utility.Log.info(Log.java:24)
at com.mystore.utility.Log.info(Log.java:24)
at com.mystore.utility.Log.info(Log.java:24)
at com.mystore.utility.Log.info(Log.java:24)
at com.mystore.utility.Log.info(Log.java:24)
at com.mystore.utility.Log.info(Log.java:24)
at com.mystore.utility.Log.info(Log.java:24)
at com.mystore.utility.Log.info(Log.java:24)
at com.mystore.utility.Log.info(Log.java:24)
at com.mystore.utility.Log.info(Log.java:24)
at com.mystore.utility.Log.info(Log.java:24)
at com.mystore.utility.Log.info(Log.java:24)
at com.mystore.utility.Log.info(Log.java:24)
at com.mystore.utility.Log.info(Log.java:24)
at com.mystore.utility.Log.info(Log.java:24)
at com.mystore.utility.Log.info(Log.java:24)
at com.mystore.utility.Log.info(Log.java:24)
at com.mystore.utility.Log.info(Log.java:24)
at com.mystore.utility.Log.info(Log.java:24)
at com.mystore.utility.Log.info(Log.java:24)
at com.mystore.utility.Log.info(Log.java:24)
at com.mystore.utility.Log.info(Log.java:24)
at com.mystore.utility.Log.info(Log.java:24)
at com.mystore.utility.Log.info(Log.java:24)
at com.mystore.utility.Log.info(Log.java:24)
at com.mystore.utility.Log.info(Log.java:24)
at com.mystore.utility.Log.info(Log.java:24)
at com.mystore.utility.Log.info(Log.java:24)
at com.mystore.utility.Log.info(Log.java:24)
at com.mystore.utility.Log.info(Log.java:24)
at com.mystore.utility.Log.info(Log.java:24)
at com.mystore.utility.Log.info(Log.java:24)
at com.mystore.utility.Log.info(Log.java:24)
at com.mystore.utility.Log.info(Log.java:24)
at com.mystore.utility.Log.info(Log.java:24)
at com.mystore.utility.Log.info(Log.java:24)
at com.mystore.utility.Log.info(Log.java:24)
at com.mystore.utility.Log.info(Log.java:24)
at com.mystore.utility.Log.info(Log.java:24)
at com.mystore.utility.Log.info(Log.java:24)
at com.mystore.utility.Log.info(Log.java:24)
at com.mystore.utility.Log.info(Log.java:24)
at com.mystore.utility.Log.info(Log.java:24)
at com.mystore.utility.Log.info(Log.java:24)
]]>
    </error>
  </testcase> <!-- loginTest -->
</testsuite> <!-- com.mystore.testcases.LoginPageTest -->
